# JRE version: Java(TM) SE Runtime Environment (8.0_333-b02) (build 1.8.0_333-b02)
# Java VM: Java HotSpot(TM) 64-Bit Server VM (25.333-b02 mixed mode bsd-amd64 compressed oops)
Heap:
 PSYoungGen      total 153088K, used 2631K [0x00000007b5580000, 0x00000007c0000000, 0x00000007c0000000)
  eden space 131584K, 2% used [0x00000007b5580000,0x00000007b5811ec8,0x00000007bd600000)
  from space 21504K, 0% used [0x00000007bd600000,0x00000007bd600000,0x00000007beb00000)
  to   space 21504K, 0% used [0x00000007beb00000,0x00000007beb00000,0x00000007c0000000)
 ParOldGen       total 349696K, used 4527K [0x00000007a0000000, 0x00000007b5580000, 0x00000007b5580000)
  object space 349696K, 1% used [0x00000007a0000000,0x00000007a046bf80,0x00000007b5580000)
 Metaspace       used 10161K, capacity 10368K, committed 10496K, reserved 1058816K
  class space    used 1093K, capacity 1156K, committed 1280K, reserved 1048576K
GC Heap History (4 events):
Event: 86.883 GC heap before
{Heap before GC invocations=1 (full 0):
 PSYoungGen      total 153088K, used 31844K [0x00000007b5580000, 0x00000007c0000000, 0x00000007c0000000)
  eden space 131584K, 24% used [0x00000007b5580000,0x00000007b7499220,0x00000007bd600000)
  from space 21504K, 0% used [0x00000007beb00000,0x00000007beb00000,0x00000007c0000000)
  to   space 21504K, 0% used [0x00000007bd600000,0x00000007bd600000,0x00000007beb00000)
 ParOldGen       total 349696K, used 0K [0x00000007a0000000, 0x00000007b5580000, 0x00000007b5580000)
  object space 349696K, 0% used [0x00000007a0000000,0x00000007a0000000,0x00000007b5580000)
 Metaspace       used 10160K, capacity 10368K, committed 10496K, reserved 1058816K
  class space    used 1093K, capacity 1156K, committed 1280K, reserved 1048576K
Event: 86.889 GC heap after
Heap after GC invocations=1 (full 0):
 PSYoungGen      total 153088K, used 4744K [0x00000007b5580000, 0x00000007c0000000, 0x00000007c0000000)
  eden space 131584K, 0% used [0x00000007b5580000,0x00000007b5580000,0x00000007bd600000)
  from space 21504K, 22% used [0x00000007bd600000,0x00000007bdaa23e8,0x00000007beb00000)
  to   space 21504K, 0% used [0x00000007beb00000,0x00000007beb00000,0x00000007c0000000)
 ParOldGen       total 349696K, used 16K [0x00000007a0000000, 0x00000007b5580000, 0x00000007b5580000)
  object space 349696K, 0% used [0x00000007a0000000,0x00000007a0004000,0x00000007b5580000)
 Metaspace       used 10160K, capacity 10368K, committed 10496K, reserved 1058816K
  class space    used 1093K, capacity 1156K, committed 1280K, reserved 1048576K
}
Event: 86.889 GC heap before
{Heap before GC invocations=2 (full 1):
 PSYoungGen      total 153088K, used 4744K [0x00000007b5580000, 0x00000007c0000000, 0x00000007c0000000)
  eden space 131584K, 0% used [0x00000007b5580000,0x00000007b5580000,0x00000007bd600000)
  from space 21504K, 22% used [0x00000007bd600000,0x00000007bdaa23e8,0x00000007beb00000)
  to   space 21504K, 0% used [0x00000007beb00000,0x00000007beb00000,0x00000007c0000000)
 ParOldGen       total 349696K, used 16K [0x00000007a0000000, 0x00000007b5580000, 0x00000007b5580000)
  object space 349696K, 0% used [0x00000007a0000000,0x00000007a0004000,0x00000007b5580000)
 Metaspace       used 10160K, capacity 10368K, committed 10496K, reserved 1058816K
  class space    used 1093K, capacity 1156K, committed 1280K, reserved 1048576K
Event: 86.901 GC heap after
Heap after GC invocations=2 (full 1):
 PSYoungGen      total 153088K, used 0K [0x00000007b5580000, 0x00000007c0000000, 0x00000007c0000000)
  eden space 131584K, 0% used [0x00000007b5580000,0x00000007b5580000,0x00000007bd600000)
  from space 21504K, 0% used [0x00000007bd600000,0x00000007bd600000,0x00000007beb00000)
  to   space 21504K, 0% used [0x00000007beb00000,0x00000007beb00000,0x00000007c0000000)
 ParOldGen       total 349696K, used 4527K [0x00000007a0000000, 0x00000007b5580000, 0x00000007b5580000)
  object space 349696K, 1% used [0x00000007a0000000,0x00000007a046bf80,0x00000007b5580000)
 Metaspace       used 10160K, capacity 10368K, committed 10496K, reserved 1058816K
  class space    used 1093K, capacity 1156K, committed 1280K, reserved 1048576K
}

