# JRE version: Java(TM) SE Runtime Environment (8.0_333-b02) (build 1.8.0_333-b02)
# Java VM: Java HotSpot(TM) 64-Bit Server VM (25.333-b02 mixed mode bsd-amd64 compressed oops)
Heap:
 PSYoungGen      total 153088K, used 11843K [0x00000007b5580000, 0x00000007c0000000, 0x00000007c0000000)
  eden space 131584K, 9% used [0x00000007b5580000,0x00000007b6110ca8,0x00000007bd600000)
  from space 21504K, 0% used [0x00000007beb00000,0x00000007beb00000,0x00000007c0000000)
  to   space 21504K, 0% used [0x00000007bd600000,0x00000007bd600000,0x00000007beb00000)
 ParOldGen       total 349696K, used 3001K [0x00000007a0000000, 0x00000007b5580000, 0x00000007b5580000)
  object space 349696K, 0% used [0x00000007a0000000,0x00000007a02ee5d8,0x00000007b5580000)
 Metaspace       used 10580K, capacity 10846K, committed 11008K, reserved 1058816K
  class space    used 1113K, capacity 1161K, committed 1280K, reserved 1048576K
GC Heap History (10 events):
Event: 77.613 GC heap before
{Heap before GC invocations=8 (full 4):
 PSYoungGen      total 153088K, used 768K [0x00000007b5580000, 0x00000007c0000000, 0x00000007c0000000)
  eden space 131584K, 0% used [0x00000007b5580000,0x00000007b5580000,0x00000007bd600000)
  from space 21504K, 3% used [0x00000007beb00000,0x00000007bebc0000,0x00000007c0000000)
  to   space 21504K, 0% used [0x00000007bd600000,0x00000007bd600000,0x00000007beb00000)
 ParOldGen       total 349696K, used 102775K [0x00000007a0000000, 0x00000007b5580000, 0x00000007b5580000)
  object space 349696K, 29% used [0x00000007a0000000,0x00000007a645dc20,0x00000007b5580000)
 Metaspace       used 10260K, capacity 10526K, committed 10752K, reserved 1058816K
  class space    used 1100K, capacity 1161K, committed 1280K, reserved 1048576K
Event: 77.626 GC heap after
Heap after GC invocations=8 (full 4):
 PSYoungGen      total 153088K, used 0K [0x00000007b5580000, 0x00000007c0000000, 0x00000007c0000000)
  eden space 131584K, 0% used [0x00000007b5580000,0x00000007b5580000,0x00000007bd600000)
  from space 21504K, 0% used [0x00000007beb00000,0x00000007beb00000,0x00000007c0000000)
  to   space 21504K, 0% used [0x00000007bd600000,0x00000007bd600000,0x00000007beb00000)
 ParOldGen       total 349696K, used 3313K [0x00000007a0000000, 0x00000007b5580000, 0x00000007b5580000)
  object space 349696K, 0% used [0x00000007a0000000,0x00000007a033c6e0,0x00000007b5580000)
 Metaspace       used 10260K, capacity 10526K, committed 10752K, reserved 1058816K
  class space    used 1100K, capacity 1161K, committed 1280K, reserved 1048576K
}
Event: 77.972 GC heap before
{Heap before GC invocations=9 (full 4):
 PSYoungGen      total 153088K, used 3947K [0x00000007b5580000, 0x00000007c0000000, 0x00000007c0000000)
  eden space 131584K, 3% used [0x00000007b5580000,0x00000007b595ae58,0x00000007bd600000)
  from space 21504K, 0% used [0x00000007beb00000,0x00000007beb00000,0x00000007c0000000)
  to   space 21504K, 0% used [0x00000007bd600000,0x00000007bd600000,0x00000007beb00000)
 ParOldGen       total 349696K, used 3313K [0x00000007a0000000, 0x00000007b5580000, 0x00000007b5580000)
  object space 349696K, 0% used [0x00000007a0000000,0x00000007a033c6e0,0x00000007b5580000)
 Metaspace       used 10307K, capacity 10526K, committed 10752K, reserved 1058816K
  class space    used 1101K, capacity 1161K, committed 1280K, reserved 1048576K
Event: 77.972 GC heap after
Heap after GC invocations=9 (full 4):
 PSYoungGen      total 153088K, used 288K [0x00000007b5580000, 0x00000007c0000000, 0x00000007c0000000)
  eden space 131584K, 0% used [0x00000007b5580000,0x00000007b5580000,0x00000007bd600000)
  from space 21504K, 1% used [0x00000007bd600000,0x00000007bd648000,0x00000007beb00000)
  to   space 21504K, 0% used [0x00000007beb00000,0x00000007beb00000,0x00000007c0000000)
 ParOldGen       total 349696K, used 3321K [0x00000007a0000000, 0x00000007b5580000, 0x00000007b5580000)
  object space 349696K, 0% used [0x00000007a0000000,0x00000007a033e6e0,0x00000007b5580000)
 Metaspace       used 10307K, capacity 10526K, committed 10752K, reserved 1058816K
  class space    used 1101K, capacity 1161K, committed 1280K, reserved 1048576K
}
Event: 77.973 GC heap before
{Heap before GC invocations=10 (full 5):
 PSYoungGen      total 153088K, used 288K [0x00000007b5580000, 0x00000007c0000000, 0x00000007c0000000)
  eden space 131584K, 0% used [0x00000007b5580000,0x00000007b5580000,0x00000007bd600000)
  from space 21504K, 1% used [0x00000007bd600000,0x00000007bd648000,0x00000007beb00000)
  to   space 21504K, 0% used [0x00000007beb00000,0x00000007beb00000,0x00000007c0000000)
 ParOldGen       total 349696K, used 3321K [0x00000007a0000000, 0x00000007b5580000, 0x00000007b5580000)
  object space 349696K, 0% used [0x00000007a0000000,0x00000007a033e6e0,0x00000007b5580000)
 Metaspace       used 10307K, capacity 10526K, committed 10752K, reserved 1058816K
  class space    used 1101K, capacity 1161K, committed 1280K, reserved 1048576K
Event: 77.992 GC heap after
Heap after GC invocations=10 (full 5):
 PSYoungGen      total 153088K, used 0K [0x00000007b5580000, 0x00000007c0000000, 0x00000007c0000000)
  eden space 131584K, 0% used [0x00000007b5580000,0x00000007b5580000,0x00000007bd600000)
  from space 21504K, 0% used [0x00000007bd600000,0x00000007bd600000,0x00000007beb00000)
  to   space 21504K, 0% used [0x00000007beb00000,0x00000007beb00000,0x00000007c0000000)
 ParOldGen       total 349696K, used 2921K [0x00000007a0000000, 0x00000007b5580000, 0x00000007b5580000)
  object space 349696K, 0% used [0x00000007a0000000,0x00000007a02da750,0x00000007b5580000)
 Metaspace       used 10307K, capacity 10526K, committed 10752K, reserved 1058816K
  class space    used 1101K, capacity 1161K, committed 1280K, reserved 1048576K
}
Event: 121.566 GC heap before
{Heap before GC invocations=11 (full 5):
 PSYoungGen      total 153088K, used 53933K [0x00000007b5580000, 0x00000007c0000000, 0x00000007c0000000)
  eden space 131584K, 40% used [0x00000007b5580000,0x00000007b8a2b730,0x00000007bd600000)
  from space 21504K, 0% used [0x00000007bd600000,0x00000007bd600000,0x00000007beb00000)
  to   space 21504K, 0% used [0x00000007beb00000,0x00000007beb00000,0x00000007c0000000)
 ParOldGen       total 349696K, used 102894K [0x00000007a0000000, 0x00000007b5580000, 0x00000007b5580000)
  object space 349696K, 29% used [0x00000007a0000000,0x00000007a647b920,0x00000007b5580000)
 Metaspace       used 10316K, capacity 10526K, committed 10752K, reserved 1058816K
  class space    used 1101K, capacity 1161K, committed 1280K, reserved 1048576K
Event: 121.566 GC heap after
Heap after GC invocations=11 (full 5):
 PSYoungGen      total 153088K, used 256K [0x00000007b5580000, 0x00000007c0000000, 0x00000007c0000000)
  eden space 131584K, 0% used [0x00000007b5580000,0x00000007b5580000,0x00000007bd600000)
  from space 21504K, 1% used [0x00000007beb00000,0x00000007beb40000,0x00000007c0000000)
  to   space 21504K, 0% used [0x00000007bd600000,0x00000007bd600000,0x00000007beb00000)
 ParOldGen       total 349696K, used 102902K [0x00000007a0000000, 0x00000007b5580000, 0x00000007b5580000)
  object space 349696K, 29% used [0x00000007a0000000,0x00000007a647d920,0x00000007b5580000)
 Metaspace       used 10316K, capacity 10526K, committed 10752K, reserved 1058816K
  class space    used 1101K, capacity 1161K, committed 1280K, reserved 1048576K
}
Event: 121.566 GC heap before
{Heap before GC invocations=12 (full 6):
 PSYoungGen      total 153088K, used 256K [0x00000007b5580000, 0x00000007c0000000, 0x00000007c0000000)
  eden space 131584K, 0% used [0x00000007b5580000,0x00000007b5580000,0x00000007bd600000)
  from space 21504K, 1% used [0x00000007beb00000,0x00000007beb40000,0x00000007c0000000)
  to   space 21504K, 0% used [0x00000007bd600000,0x00000007bd600000,0x00000007beb00000)
 ParOldGen       total 349696K, used 102902K [0x00000007a0000000, 0x00000007b5580000, 0x00000007b5580000)
  object space 349696K, 29% used [0x00000007a0000000,0x00000007a647d920,0x00000007b5580000)
 Metaspace       used 10316K, capacity 10526K, committed 10752K, reserved 1058816K
  class space    used 1101K, capacity 1161K, committed 1280K, reserved 1048576K
Event: 121.573 GC heap after
Heap after GC invocations=12 (full 6):
 PSYoungGen      total 153088K, used 0K [0x00000007b5580000, 0x00000007c0000000, 0x00000007c0000000)
  eden space 131584K, 0% used [0x00000007b5580000,0x00000007b5580000,0x00000007bd600000)
  from space 21504K, 0% used [0x00000007beb00000,0x00000007beb00000,0x00000007c0000000)
  to   space 21504K, 0% used [0x00000007bd600000,0x00000007bd600000,0x00000007beb00000)
 ParOldGen       total 349696K, used 3001K [0x00000007a0000000, 0x00000007b5580000, 0x00000007b5580000)
  object space 349696K, 0% used [0x00000007a0000000,0x00000007a02ee5d8,0x00000007b5580000)
 Metaspace       used 10316K, capacity 10526K, committed 10752K, reserved 1058816K
  class space    used 1101K, capacity 1161K, committed 1280K, reserved 1048576K
}

